makefile:2: *** missing separator.  Stop.

# GNU Make 4.3
# Built for Windows32
# Copyright (C) 1988-2020 Free Software Foundation, Inc.
# License GPLv3+: GNU GPL version 3 or later <http://gnu.org/licenses/gpl.html>
# This is free software: you are free to change and redistribute it.
# There is NO WARRANTY, to the extent permitted by law.

# Make data base, printed on Fri Jun 24 20:01:34 2022

# Variables

# environment
SYSTEMDRIVE = C:
# environment
LC_ALL = C
# environment
USERPROFILE = C:\Users\user
# environment
LOCALAPPDATA = C:\Users\user\AppData\Local
# environment
VSCODE_IPC_HOOK_EXTHOST = \\.\pipe\vscode-ipc-3d986e85-acc6-4c34-9db4-f36927e077fe-sock
# environment
VSCODE_CWD = C:\Users\user\AppData\Local\Programs\Microsoft VS Code
# environment
CHOCOLATEYINSTALL = C:\ProgramData\chocolatey
# environment
SYSTEMROOT = C:\WINDOWS
# environment
PROCESSOR_LEVEL = 6
# environment
PSMODULEPATH = C:\WINDOWS\system32\WindowsPowerShell\v1.0\Modules\
# environment
GOOGLE_API_KEY = no
# default
MAKE_COMMAND := C:/ProgramData/chocolatey/lib/make/tools/install/bin/make.exe
# environment
GOPATH = C:\Users\user\go
# automatic
@D = $(patsubst %/,%,$(patsubst %\,%,$(dir $@)))
# environment
CHROME_CRASHPAD_PIPE_NAME = \\.\pipe\crashpad_17656_USSGHZDDEUUGEZXF
# environment
VSCODE_HANDLES_UNCAUGHT_ERRORS = true
# default
.VARIABLES := 
# automatic
%D = $(patsubst %/,%,$(patsubst %\,%,$(dir $%)))
# automatic
^D = $(patsubst %/,%,$(patsubst %\,%,$(dir $^)))
# environment
VSCODE_LOG_STACK = false
# automatic
%F = $(notdir $%)
# environment
VSCODE_CODE_CACHE_PATH = C:\Users\user\AppData\Roaming\Code\CachedData\30d9c6cd9483b2cc586687151bcbcd635f373630
# environment
LANG = C
# default
.LOADED := 
# environment
TMP = C:\Users\user\AppData\Local\Temp
# default
.INCLUDE_DIRS = .
# environment
PROCESSOR_ARCHITEW6432 = AMD64
# makefile
MAKEFLAGS = pqrR
# environment
ONEDRIVE = C:\Users\user\OneDrive
# environment
INTELLIJ IDEA COMMUNITY EDITION = C:\Program Files\JetBrains\IntelliJ IDEA Community Edition 2020.3.2\bin;
# makefile
CURDIR := c:/Users/user/Desktop/docker
# environment
VSCODE_PIPE_LOGGING = true
# environment
APPLICATION_INSIGHTS_NO_DIAGNOSTIC_CHANNEL = true
# automatic
*D = $(patsubst %/,%,$(patsubst %\,%,$(dir $*)))
# environment
PROGRAMFILES = C:\Program Files (x86)
# environment
MFLAGS = -pqrR
# default
.SHELLFLAGS := -c
# environment
COMMONPROGRAMW6432 = C:\Program Files\Common Files
# automatic
+D = $(patsubst %/,%,$(patsubst %\,%,$(dir $+)))
# makefile (from 'makefile', line 1)
MAKEFILE_LIST := makefile
# environment
TERRAFORM = C:\Program Files\terraform
# automatic
@F = $(notdir $@)
# environment
VSCODE_VERBOSE_LOGGING = true
# environment
VSCODE_PID = 17656
# automatic
?D = $(patsubst %/,%,$(patsubst %\,%,$(dir $?)))
# environment
GOOGLE_DEFAULT_CLIENT_ID = no
# automatic
*F = $(notdir $*)
# automatic
<D = $(patsubst %/,%,$(patsubst %\,%,$(dir $<)))
# environment
VSCODE_NLS_CONFIG = {"locale":"en-us","availableLanguages":{},"_languagePackSupport":true}
# default
MAKE_HOST := Windows32
# environment
PROGRAMDATA = C:\ProgramData
# default
SHELL := C:/Program Files/Git/usr/bin/sh.exe
# environment
HOMEPATH = \Users\user
# default
MAKECMDGOALS := all
# environment
DRIVERDATA = C:\Windows\System32\Drivers\DriverData
# environment
COMSPEC = C:\WINDOWS\system32\cmd.exe
# environment
WINDIR = C:\WINDOWS
# environment
MAKELEVEL := 0
# default
MAKE = $(MAKE_COMMAND)
# environment
PATH = C:\WINDOWS\system32;C:\WINDOWS;C:\WINDOWS\System32\Wbem;C:\WINDOWS\System32\WindowsPowerShell\v1.0\;C:\Users\user\AppData\Roaming\nvm;C:\Program Files\nodejs;C:\Users\MyUser\AppData\Roaming\npm\npx.cmd;C:\Program Files\MongoDB\Server\4.0\bin;C:\xampp\php;c:\src\flutter\bin;C:\Program Files\Java\jdk1.8.0_231\bin;C:\Program Files\nodejs;C:\Program Files (x86)\Yarn\bin\;C:\WINDOWS\System32\OpenSSH\;C:\Program Files\nodejs\;C:\Program Files\PostgreSQL\13\bin;C:\Program Files\Genymobile\Genymotion\tools;C:\Program Files\Amazon\AWSCLIV2\;C:\Program Files\terraform;C:\Users\user\.minikube;C:\Program Files\apache-maven-3.8.2\bin;C:\Program Files\Git\cmd;C:\Program Files\Git\mingw64\bin;C:\Program Files\Git\usr\bin;C:\ProgramData\chocolatey\bin;C:\Users\user\doctl;C:\Users\user\kubectl;C:\Users\user\.kubectl_aliases;C:\Program Files\Go\bin;C:\Users\user\Downloads\modd-0.8-windows64\modd-0.8-windows64;C:\Users\user\.cargo\bin;C:\Users\user\AppData\Local\Programs\Python\Python38\Scripts\;C:\Users\user\AppData\Local\Programs\Python\Python38\;C:\Users\user\AppData\Local\Programs\Python\Python310\Scripts\;C:\Users\user\AppData\Local\Programs\Python\Python310\;C:\Ruby30-x64\bin;C:\Program Files\heroku\bin;C:\sqlite3;C:\Users\user\composer.phar;C:\Users\user\.deno\bin;C:\Program Files\deno\bin;C:\Users\user\AppData\Local\Yarn\bin;C:\Users\user\AppData\Local\Microsoft\WindowsApps;C:\srcc\flutter\flutter\bin;C:\Users\user\AppData\Local\Android\Sdk\platform-tools;C:\Users\user\AppData\Roaming\npm;C:\Users\user\AppData\Local\Programs\Microsoft VS Code\bin;C:\Program Files\JetBrains\IntelliJ IDEA Community Edition 2020.3.2\bin;C:\Users\user\aws-auth;C:\Program Files\JetBrains\PyCharm Community Edition 2021.3.1\bin;C:\Users\user\go\bin
# environment
COMPUTERNAME = CALVIN
# default
MAKEFILES := 
# automatic
^F = $(notdir $^)
# environment
PROMPT = $P$G
# environment
CHOCOLATEYLASTPATHUPDATE = 132785894870022131
# environment
LOGONSERVER = \\CALVIN
# environment
VSCODE_LOG_NATIVE = false
# environment
USERNAME = user
# environment
COMMONPROGRAMFILES = C:\Program Files (x86)\Common Files
# automatic
?F = $(notdir $?)
# environment
PROGRAMW6432 = C:\Program Files
# environment
PATHEXT = .COM;.EXE;.BAT;.CMD;.VBS;.VBE;.JS;.JSE;.WSF;.WSH;.MSC;.RB;.RBW
# automatic
+F = $(notdir $+)
# environment
ORIGINAL_XDG_CURRENT_DESKTOP = undefined
# environment
MAVEN_HOME = C:\Program Files\apache-maven-3.8.2
# environment
USERDOMAIN = CALVIN
# environment
GNUMAKEFLAGS := 
# environment
OS = Windows_NT
# environment
__COMPAT_LAYER = Installer
# makefile
.DEFAULT_GOAL := hello
# default
MAKE_VERSION := 4.3
# environment
PROGRAMFILES(X86) = C:\Program Files (x86)
# environment
USERDOMAIN_ROAMINGPROFILE = CALVIN
# environment
NUMBER_OF_PROCESSORS = 2
# environment
PUBLIC = C:\Users\Public
# environment
APPDATA = C:\Users\user\AppData\Roaming
# environment
HOMEDRIVE = C:
# environment
PROCESSOR_ARCHITECTURE = x86
# environment
PYCHARM COMMUNITY EDITION = C:\Program Files\JetBrains\PyCharm Community Edition 2021.3.1\bin;
# environment
VSCODE_AMD_ENTRYPOINT = vs/workbench/api/node/extensionHostProcess
# environment
MINIKUBE = C:\Users\user\.minikube
# environment
COMMONPROGRAMFILES(X86) = C:\Program Files (x86)\Common Files
# environment
ELECTRON_RUN_AS_NODE = 1
# environment
TEMP = C:\Users\user\AppData\Local\Temp
# environment
VSCODE_IPC_HOOK = \\.\pipe\680802a3ebd40da3f83beb9d3e841b70-1.68.1-main-sock
# environment
GOOGLE_DEFAULT_CLIENT_SECRET = no
# default
.RECIPEPREFIX := 
# automatic
<F = $(notdir $<)
# default
SUFFIXES := 
# environment
ALLUSERSPROFILE = C:\ProgramData
# default
.FEATURES := target-specific order-only second-expansion else-if shortest-stem undefine oneshell nocomment grouped-target extra-prereqs archives jobserver output-sync load
# environment
PROCESSOR_REVISION = 3708
# environment
PROCESSOR_IDENTIFIER = Intel64 Family 6 Model 55 Stepping 8, GenuineIntel
# variable set hash-table stats:
# Load=103/1024=10%, Rehash=0, Collisions=5/113=4%

# Pattern-specific Variable Values

# No pattern-specific variable values.

# Directories

# . (key c:/Users/user/Desktop/docker, mtime 1656097290): 7 files, no impossibilities.

# 7 files, no impossibilities in 1 directories.

# Implicit Rules

# No implicit rules.

# Files

# Not a target:
.DEFAULT:
#  Implicit rule search has not been done.
#  Modification time never checked.
#  File has not been updated.

# Not a target:
all:
#  Command line target.
#  Implicit rule search has not been done.
#  Modification time never checked.
#  File has not been updated.

# Not a target:
makefile:
#  Implicit rule search has not been done.
#  Modification time never checked.
#  File has not been updated.

hello:
#  Implicit rule search has not been done.
#  Modification time never checked.
#  File has not been updated.

# files hash-table stats:
# Load=5/1024=0%, Rehash=0, Collisions=0/6=0%
# VPATH Search Paths

# No 'vpath' search paths.

# No general ('VPATH' variable) search path.

# strcache buffers: 1 (0) / strings = 11 / storage = 75 B / avg = 6 B
# current buf: size = 8174 B / used = 75 B / count = 11 / avg = 6 B

# strcache performance: lookups = 16 / hit rate = 31%
# hash-table stats:
# Load=11/8192=0%, Rehash=0, Collisions=0/16=0%
# Finished Make data base on Fri Jun 24 20:01:34 2022

 
